<?xml version="1.0" encoding="UTF-8"?>
<!-- Generated by org.testng.reporters.JUnitXMLReporter -->
<testsuite ignored="0" hostname="DESKTOP-6DG5081" failures="1" tests="2" name="Test1" time="13.648" errors="0" timestamp="2022-08-05T19:26:29 IST">
  <testcase classname="com.nopcommerceV1.testcases.TC_LoginTest_001" name="LoginTest" time="9.778"/>
  <testcase classname="com.nopcommerceV1.testcases.TC_LoginDDT_002" name="loginTest" time="0.0">
    <failure type="java.lang.RuntimeException" message="java.lang.NoClassDefFoundError: org/apache/poi/util/POILogFactory">
      <![CDATA[java.lang.RuntimeException: java.lang.NoClassDefFoundError: org/apache/poi/util/POILogFactory
at java.base/java.util.ArrayList.forEach(ArrayList.java:1511)
Caused by: java.lang.NoClassDefFoundError: org/apache/poi/util/POILogFactory
at org.apache.poi.POIXMLDocumentPart.<clinit>(POIXMLDocumentPart.java:55)
at com.nopcommerceV1.utilities.XLUtils.getRowCount(XLUtils.java:26)
at com.nopcommerceV1.testcases.TC_LoginDDT_002.getData(TC_LoginDDT_002.java:56)
... 25 more
Caused by: java.lang.ClassNotFoundException: org.apache.poi.util.POILogFactory
at java.base/jdk.internal.loader.BuiltinClassLoader.loadClass(BuiltinClassLoader.java:641)
at java.base/jdk.internal.loader.ClassLoaders$AppClassLoader.loadClass(ClassLoaders.java:188)
at java.base/java.lang.ClassLoader.loadClass(ClassLoader.java:521)
... 33 more
... Removed 30 stack frames]]>
    </failure>
  </testcase> <!-- loginTest -->
</testsuite> <!-- Test1 -->
